<?xml version="1.0" encoding="UTF-8"?>
<!-- Generated by org.testng.reporters.JUnitReportReporter -->
<testsuite skipped="0" hostname="bayon" name="com.qa.test.HomePageTest" tests="1" failures="0" timestamp="2019-10-12T15:57:42 CEST" time="21.566" errors="0">
  <testcase name="clickOnLogoLinkTest" time="21.566" classname="com.qa.test.HomePageTest"/>
</testsuite> <!-- com.qa.test.HomePageTest -->
