<?xml version="1.0" encoding="UTF-8"?>
<!-- Generated by org.testng.reporters.JUnitReportReporter -->
<testsuite hostname="bayon" name="com.qa.test.TestCLickTest" tests="1" failures="0" timestamp="9 Oct 2019 19:38:56 GMT" time="41.327" errors="0">
  <testcase name="testCLick" time="41.327" classname="com.qa.test.TestCLickTest"/>
</testsuite> <!-- com.qa.test.TestCLickTest -->
