<?xml version="1.0" encoding="UTF-8"?>
<!-- Generated by org.testng.reporters.JUnitReportReporter -->
<testsuite skipped="1" hostname="bayon" name="com.qa.pages.LoginPage1" tests="1" failures="0" timestamp="2019-10-10T19:15:39 MESZ" time="0.000" errors="0">
  <testcase name="loginTest" time="0.000" classname="com.qa.pages.LoginPage1">
    <skipped/>
  </testcase> <!-- loginTest -->
</testsuite> <!-- com.qa.pages.LoginPage1 -->
