<?xml version="1.0" encoding="UTF-8"?>
<!-- Generated by org.testng.reporters.JUnitReportReporter -->
<testsuite skipped="0" hostname="bayon" name="com.qa.test.LoginPageTest" tests="1" failures="0" timestamp="2019-10-12T15:57:42 CEST" time="36.892" errors="0">
  <testcase name="anmeldenTest" time="36.892" classname="com.qa.test.LoginPageTest"/>
</testsuite> <!-- com.qa.test.LoginPageTest -->
