<?xml version="1.0" encoding="UTF-8"?>
<!-- Generated by org.testng.reporters.JUnitReportReporter -->
<testsuite skipped="0" hostname="bayon" name="com.qa.test.LoginPageTest1" tests="3" failures="0" timestamp="2019-10-12T15:57:42 CEST" time="52.462" errors="0">
  <testcase name="loginTest" time="17.703" classname="com.qa.test.LoginPageTest1"/>
  <testcase name="loginTest" time="16.428" classname="com.qa.test.LoginPageTest1"/>
  <testcase name="loginTest" time="18.331" classname="com.qa.test.LoginPageTest1"/>
</testsuite> <!-- com.qa.test.LoginPageTest1 -->
